#
# There is insufficient memory for the Java Runtime Environment to continue.
# Native memory allocation (malloc) failed to allocate 1051376 bytes for Chunk::new
# Possible reasons:
#   The system is out of physical RAM or swap space
#   The process is running with CompressedOops enabled, and the Java Heap may be blocking the growth of the native heap
# Possible solutions:
#   Reduce memory load on the system
#   Increase physical memory or swap space
#   Check if swap backing store is full
#   Decrease Java heap size (-Xmx/-Xms)
#   Decrease number of Java threads
#   Decrease Java thread stack sizes (-Xss)
#   Set larger code cache with -XX:ReservedCodeCacheSize=
#   JVM is running with Unscaled Compressed Oops mode in which the Java heap is
#     placed in the first 4GB address space. The Java Heap base address is the
#     maximum limit for the native heap growth. Please use -XX:HeapBaseMinAddress
#     to set the Java Heap base and to place the Java Heap above 4GB virtual address.
# This output file may be truncated or incomplete.
#
#  Out of Memory Error (allocation.cpp:389), pid=14184, tid=0x000000000000066c
#
# JRE version: OpenJDK Runtime Environment (8.0_212-b04) (build 1.8.0_212-release-1586-b04)
# Java VM: OpenJDK 64-Bit Server VM (25.212-b04 mixed mode windows-amd64 compressed oops)
# Failed to write core dump. Minidumps are not enabled by default on client versions of Windows
#

---------------  T H R E A D  ---------------

Current thread (0x0000000018e5a800):  JavaThread "C2 CompilerThread0" daemon [_thread_in_native, id=1644, stack(0x0000000019730000,0x0000000019830000)]

Stack: [0x0000000019730000,0x0000000019830000]
[error occurred during error reporting (printing stack bounds), id 0xc0000005]

Native frames: (J=compiled Java code, j=interpreted, Vv=VM code, C=native code)


Current CompileTask:
C2:7115907 28477 %     4       com.android.tools.r8.u.b.M0::a @ 197 (345 bytes)


---------------  P R O C E S S  ---------------

Java Threads: ( => current thread )
  0x000000002c253800 JavaThread "ForkJoinPool.commonPool-worker-4" daemon [_thread_blocked, id=2016, stack(0x0000000031e00000,0x0000000031f00000)]
  0x000000002c25a800 JavaThread "ForkJoinPool.commonPool-worker-3" daemon [_thread_blocked, id=11124, stack(0x0000000031d00000,0x0000000031e00000)]
  0x000000002c259800 JavaThread "ForkJoinPool.commonPool-worker-2" daemon [_thread_blocked, id=10256, stack(0x0000000031c00000,0x0000000031d00000)]
  0x000000002ab15800 JavaThread "ForkJoinPool.commonPool-worker-1" daemon [_thread_blocked, id=14124, stack(0x0000000031b00000,0x0000000031c00000)]
  0x000000002ab17000 JavaThread "ForkJoinPool.commonPool-worker-0" daemon [_thread_blocked, id=2644, stack(0x0000000031a00000,0x0000000031b00000)]
  0x000000002ab16000 JavaThread "ForkJoinPool.commonPool-worker-7" daemon [_thread_blocked, id=13620, stack(0x000000002e2e0000,0x000000002e3e0000)]
  0x000000002ab14000 JavaThread "ForkJoinPool.commonPool-worker-6" daemon [_thread_blocked, id=12512, stack(0x000000002e1e0000,0x000000002e2e0000)]
  0x000000002ab14800 JavaThread "Cache worker for Java compile cache (C:\Users\ACER\Documents\Android-Studio\TMedia\.gradle\5.6.4\javaCompile)" [_thread_blocked, id=1236, stack(0x000000002e0e0000,0x000000002e1e0000)]
  0x000000002ab12800 JavaThread "WorkerExecutor Queue Thread 9" [_thread_blocked, id=9552, stack(0x000000002e3f0000,0x000000002e4f0000)]
  0x000000002ab0b000 JavaThread "stdout" [_thread_in_native, id=7996, stack(0x000000002dfe0000,0x000000002e0e0000)]
  0x000000002ab11800 JavaThread "stderr" [_thread_in_native, id=4844, stack(0x000000002dcd0000,0x000000002ddd0000)]
  0x000000002ab0a000 JavaThread "stdout" [_thread_in_native, id=3644, stack(0x000000002dee0000,0x000000002dfe0000)]
  0x000000002ab11000 JavaThread "stderr" [_thread_in_native, id=8656, stack(0x000000002dde0000,0x000000002dee0000)]
  0x000000002ab10000 JavaThread "stdout" [_thread_in_native, id=2936, stack(0x000000002dbd0000,0x000000002dcd0000)]
  0x000000002ab08800 JavaThread "stderr" [_thread_in_native, id=8948, stack(0x000000002dad0000,0x000000002dbd0000)]
  0x000000002ab0f800 JavaThread "stdout" [_thread_in_native, id=2660, stack(0x000000002d9d0000,0x000000002dad0000)]
  0x000000002ab0b800 JavaThread "stderr" [_thread_in_native, id=3472, stack(0x000000002d8d0000,0x000000002d9d0000)]
  0x000000002ab0c800 JavaThread "stdout" [_thread_in_native, id=11888, stack(0x000000002d7d0000,0x000000002d8d0000)]
  0x000000002ab09800 JavaThread "stderr" [_thread_in_native, id=10860, stack(0x000000002d6d0000,0x000000002d7d0000)]
  0x000000002ab0d000 JavaThread "stdout" [_thread_in_native, id=10216, stack(0x000000002d5d0000,0x000000002d6d0000)]
  0x000000002ab0e000 JavaThread "stderr" [_thread_in_native, id=9848, stack(0x000000002d4d0000,0x000000002d5d0000)]
  0x000000002ab0e800 JavaThread "WorkerExecutor Queue Thread 7" [_thread_blocked, id=12964, stack(0x000000002d2d0000,0x000000002d3d0000)]
  0x0000000019fb9000 JavaThread "WorkerExecutor Queue Thread 6" [_thread_blocked, id=3804, stack(0x000000002d1d0000,0x000000002d2d0000)]
  0x000000001ecf8800 JavaThread "WorkerExecutor Queue Thread 5" [_thread_blocked, id=2496, stack(0x000000002d0d0000,0x000000002d1d0000)]
  0x000000001ecf7800 JavaThread "WorkerExecutor Queue Thread 4" [_thread_blocked, id=2084, stack(0x000000002cfd0000,0x000000002d0d0000)]
  0x000000001ecfb800 JavaThread "WorkerExecutor Queue Thread 3" [_thread_blocked, id=10888, stack(0x000000002ccd0000,0x000000002cdd0000)]
  0x000000001ecfa800 JavaThread "WorkerExecutor Queue Thread 2" [_thread_blocked, id=13192, stack(0x000000002c780000,0x000000002c880000)]
  0x000000001ecf0000 JavaThread "WorkerExecutor Queue" [_thread_blocked, id=2468, stack(0x000000002cbd0000,0x000000002ccd0000)]
  0x000000001ecf1000 JavaThread "stdout" [_thread_in_native, id=12344, stack(0x000000002cad0000,0x000000002cbd0000)]
  0x000000001ecf4000 JavaThread "stderr" [_thread_in_native, id=12144, stack(0x000000002c8d0000,0x000000002c9d0000)]
  0x000000001ecf5800 JavaThread "pool-66-thread-1" [_thread_blocked, id=8760, stack(0x000000002c9d0000,0x000000002cad0000)]
  0x0000000022212000 JavaThread "Cache worker for execution history cache (C:\Users\ACER\Documents\Android-Studio\TMedia\.gradle\5.6.4\executionHistory)" [_thread_blocked, id=7420, stack(0x000000002c680000,0x000000002c780000)]
  0x0000000022210800 JavaThread "Execution worker for ':' Thread 7" [_thread_in_Java, id=10236, stack(0x000000002c580000,0x000000002c680000)]
  0x000000002220f800 JavaThread "Execution worker for ':' Thread 6" [_thread_blocked, id=7968, stack(0x000000002c480000,0x000000002c580000)]
  0x0000000022216800 JavaThread "Execution worker for ':' Thread 5" [_thread_blocked, id=8672, stack(0x000000002a3e0000,0x000000002a4e0000)]
  0x0000000022214000 JavaThread "Execution worker for ':' Thread 4" [_thread_blocked, id=9844, stack(0x000000002a2e0000,0x000000002a3e0000)]
  0x0000000022213800 JavaThread "Execution worker for ':' Thread 3" [_thread_blocked, id=7888, stack(0x000000002a1e0000,0x000000002a2e0000)]
  0x0000000022211000 JavaThread "Execution worker for ':' Thread 2" [_thread_blocked, id=10492, stack(0x0000000029e30000,0x0000000029f30000)]
  0x0000000022215800 JavaThread "Execution worker for ':'" [_thread_blocked, id=13724, stack(0x0000000029d30000,0x0000000029e30000)]
  0x0000000022215000 JavaThread "Cache worker for file content cache (C:\Users\ACER\Documents\Android-Studio\TMedia\.gradle\5.6.4\fileContent)" [_thread_blocked, id=6644, stack(0x0000000029a30000,0x0000000029b30000)]
  0x000000002220f000 JavaThread "Cache worker for Build Output Cleanup Cache (C:\Users\ACER\Documents\Android-Studio\TMedia\.gradle\buildOutputCleanup)" [_thread_blocked, id=11700, stack(0x0000000029930000,0x0000000029a30000)]
  0x0000000022207800 JavaThread "Build operations Thread 8" [_thread_blocked, id=12004, stack(0x0000000028e10000,0x0000000028f10000)]
  0x000000002220c000 JavaThread "Build operations Thread 7" [_thread_blocked, id=4608, stack(0x0000000028d10000,0x0000000028e10000)]
  0x000000002220e000 JavaThread "Build operations Thread 6" [_thread_blocked, id=13912, stack(0x0000000027760000,0x0000000027860000)]
  0x000000002220a800 JavaThread "Build operations Thread 5" [_thread_blocked, id=9528, stack(0x0000000026ea0000,0x0000000026fa0000)]
  0x0000000022209800 JavaThread "Build operations Thread 4" [_thread_blocked, id=6656, stack(0x0000000025090000,0x0000000025190000)]
  0x000000002220d800 JavaThread "Build operations Thread 3" [_thread_blocked, id=1868, stack(0x0000000024d90000,0x0000000024e90000)]
  0x000000002220c800 JavaThread "Build operations Thread 2" [_thread_blocked, id=308, stack(0x0000000024030000,0x0000000024130000)]
  0x000000001eb16000 JavaThread "Build operations" [_thread_blocked, id=6536, stack(0x0000000023b30000,0x0000000023c30000)]
  0x000000001eb14800 JavaThread "Cache worker for cache directory md-rule (C:\Users\ACER\.gradle\caches\5.6.4\md-rule)" [_thread_blocked, id=12948, stack(0x00000000203f0000,0x00000000204f0000)]
  0x000000001eb13800 JavaThread "Cache worker for cache directory md-supplier (C:\Users\ACER\.gradle\caches\5.6.4\md-supplier)" [_thread_blocked, id=11680, stack(0x00000000200f0000,0x00000000201f0000)]
  0x000000001eb13000 JavaThread "Cache worker for file hash cache (C:\Users\ACER\Documents\Android-Studio\TMedia\.gradle\5.6.4\fileHashes)" [_thread_blocked, id=5412, stack(0x000000001d450000,0x000000001d550000)]
  0x000000001eb11800 JavaThread "Thread-1111" [_thread_blocked, id=13240, stack(0x000000001d350000,0x000000001d450000)]
  0x000000001eb0a000 JavaThread "Stdin handler" [_thread_blocked, id=8928, stack(0x000000001d250000,0x000000001d350000)]
  0x000000001eb0d000 JavaThread "Asynchronous log dispatcher for DefaultDaemonConnection: socket connection from /127.0.0.1:50739 to /127.0.0.1:56067" [_thread_blocked, id=10660, stack(0x000000001cf50000,0x000000001d050000)]
  0x000000001eb10000 JavaThread "Daemon worker Thread 23" [_thread_blocked, id=2788, stack(0x000000001ce50000,0x000000001cf50000)]
  0x000000001eb0f000 JavaThread "Cancel handler" [_thread_blocked, id=6628, stack(0x0000000001630000,0x0000000001730000)]
  0x000000001eb0c000 JavaThread "Handler for socket connection from /127.0.0.1:50739 to /127.0.0.1:56067" [_thread_in_native, id=2564, stack(0x0000000001530000,0x0000000001630000)]
  0x000000001eb10800 JavaThread "Daemon Thread 23" [_thread_blocked, id=12588, stack(0x0000000001430000,0x0000000001530000)]
  0x000000001eb0e800 JavaThread "Cache worker for Java compile cache (C:\Users\ACER\.gradle\caches\5.6.4\javaCompile)" [_thread_blocked, id=12960, stack(0x0000000027000000,0x0000000027100000)]
  0x000000001ecf7000 JavaThread "Cache worker for file content cache (C:\Users\ACER\.gradle\caches\5.6.4\fileContent)" [_thread_blocked, id=12752, stack(0x0000000024c90000,0x0000000024d90000)]
  0x000000001ecef800 JavaThread "Memory manager" [_thread_blocked, id=6608, stack(0x0000000024b90000,0x0000000024c90000)]
  0x000000001ecee000 JavaThread "Cache worker for execution history cache (C:\Users\ACER\.gradle\caches\5.6.4\executionHistory)" [_thread_blocked, id=11608, stack(0x0000000022fd0000,0x00000000230d0000)]
  0x0000000019fbe000 JavaThread "Cache worker for journal cache (C:\Users\ACER\.gradle\caches\journal-1)" [_thread_blocked, id=14292, stack(0x000000001dc50000,0x000000001dd50000)]
  0x0000000019fbb000 JavaThread "File lock request listener" [_thread_in_native, id=12516, stack(0x000000001db50000,0x000000001dc50000)]
  0x0000000019fbd800 JavaThread "Cache worker for file hash cache (C:\Users\ACER\.gradle\caches\5.6.4\fileHashes)" [_thread_blocked, id=4016, stack(0x000000001da50000,0x000000001db50000)]
  0x000000001b8b3000 JavaThread "Daemon periodic checks" [_thread_blocked, id=14028, stack(0x000000001cd50000,0x000000001ce50000)]
  0x000000001b8ae000 JavaThread "Incoming local TCP Connector on port 50739" [_thread_in_native, id=1116, stack(0x000000001cb10000,0x000000001cc10000)]
  0x000000001b7c4800 JavaThread "Daemon health stats" [_thread_blocked, id=11788, stack(0x000000001c4d0000,0x000000001c5d0000)]
  0x0000000018ee9000 JavaThread "Service Thread" daemon [_thread_blocked, id=7184, stack(0x0000000019b30000,0x0000000019c30000)]
  0x0000000018e6c000 JavaThread "C1 CompilerThread3" daemon [_thread_blocked, id=11536, stack(0x0000000019a30000,0x0000000019b30000)]
  0x000000001705c800 JavaThread "C2 CompilerThread2" daemon [_thread_in_native, id=12472, stack(0x0000000019930000,0x0000000019a30000)]
  0x0000000018e5d800 JavaThread "C2 CompilerThread1" daemon [_thread_in_native, id=6264, stack(0x0000000019830000,0x0000000019930000)]
=>0x0000000018e5a800 JavaThread "C2 CompilerThread0" daemon [_thread_in_native, id=1644, stack(0x0000000019730000,0x0000000019830000)]
  0x0000000018e66800 JavaThread "Attach Listener" daemon [_thread_blocked, id=13992, stack(0x0000000019630000,0x0000000019730000)]
  0x0000000018e65800 JavaThread "Signal Dispatcher" daemon [_thread_blocked, id=5384, stack(0x0000000019530000,0x0000000019630000)]
  0x0000000018e50800 JavaThread "Finalizer" daemon [_thread_blocked, id=5892, stack(0x0000000019330000,0x0000000019430000)]
  0x0000000003285800 JavaThread "Reference Handler" daemon [_thread_blocked, id=14280, stack(0x0000000019230000,0x0000000019330000)]
  0x000000000130e000 JavaThread "main" [_thread_blocked, id=12152, stack(0x0000000002fe0000,0x00000000030e0000)]

Other Threads:
  0x0000000017047800 VMThread [stack: 0x0000000018d30000,0x0000000018e30000] [id=11004]
  0x0000000018ee9800 WatcherThread [stack: 0x0000000019c30000,0x0000000019d30000] [id=9960]

VM state:not at safepoint (normal execution)

VM Mutex/Monitor currently owned by a thread: None

heap address: 0x00000000a0000000, size: 1536 MB, Compressed Oops mode: 32-bit
Narrow klass base: 0x0000000000000000, Narrow klass shift: 3
Compressed class space size: 1073741824 Address: 0x0000000100000000

Heap:
 PSYoungGen      total 197632K, used 36835K [0x00000000e0000000, 0x00000000ef500000, 0x0000000100000000)
  eden space 145408K, 4% used [0x00000000e0000000,0x00000000e05ea098,0x00000000e8e00000)
  from space 52224K, 58% used [0x00000000ec100000,0x00000000edf0ed28,0x00000000ef400000)
  to   space 52224K, 0% used [0x00000000e8e00000,0x00000000e8e00000,0x00000000ec100000)
 ParOldGen       total 304128K, used 53088K [0x00000000a0000000, 0x00000000b2900000, 0x00000000e0000000)
  object space 304128K, 17% used [0x00000000a0000000,0x00000000a33d8318,0x00000000b2900000)
 Metaspace       used 105163K, capacity 112954K, committed 113112K, reserved 1146880K
  class space    used 13411K, capacity 14786K, committed 14808K, reserved 1048576K

Card table byte_map: [0x0000000012650000,0x0000000012960000] byte_map_base: 0x0000000012150000

Marking Bits: (ParMarkBitMap*) 0x0000000067429f30
 Begin Bits: [0x0000000013360000, 0x0000000014b60000)
 End Bits:   [0x0000000014b60000, 0x0000000016360000)

Polling page: 0x00000000030e0000

CodeCache: size=245760Kb used=76299Kb max_used=76299Kb free=169460Kb
 bounds [0x0000000003290000, 0x0000000007d90000, 0x0000000012290000]
 total_blobs=23000 nmethods=22088 adapters=820
 compilation: enabled

Compilation events (10 events):
Event: 7115.575 Thread 0x0000000018e6c000 28494       1       com.android.tools.r8.u.b.W0::B2 (5 bytes)
Event: 7115.575 Thread 0x0000000018e6c000 nmethod 28494 0x0000000007d4bad0 code [0x0000000007d4bc20, 0x0000000007d4bd30]
Event: 7115.617 Thread 0x0000000018e5a800 nmethod 27608% 0x0000000007d719d0 code [0x0000000007d71fe0, 0x0000000007d77330]
Event: 7115.617 Thread 0x0000000018e5a800 28477 %     4       com.android.tools.r8.u.b.M0::a @ 197 (345 bytes)
Event: 7115.634 Thread 0x0000000018e6c000 28495 %     2       com.android.tools.r8.ir.regalloc.LinearScanRegisterAllocator::b @ 623 (1369 bytes)
Event: 7115.643 Thread 0x0000000018e6c000 nmethod 28495% 0x0000000007d6b750 code [0x0000000007d6bf40, 0x0000000007d6e958]
Event: 7115.661 Thread 0x0000000018e6c000 28496       2       com.android.tools.r8.ir.regalloc.LinearScanRegisterAllocator::b (1369 bytes)
Event: 7115.668 Thread 0x0000000018e6c000 nmethod 28496 0x0000000007d80910 code [0x0000000007d81100, 0x0000000007d839b8]
Event: 7115.853 Thread 0x0000000018e6c000 28497       2       com.android.tools.r8.u.b.J0::a (623 bytes)
Event: 7115.857 Thread 0x0000000018e6c000 nmethod 28497 0x0000000007d86a10 code [0x0000000007d86ee0, 0x0000000007d88c88]

GC Heap History (10 events):
Event: 7113.436 GC heap before
{Heap before GC invocations=54 (full 4):
 PSYoungGen      total 152064K, used 148724K [0x00000000e0000000, 0x00000000ebf80000, 0x0000000100000000)
  eden space 121344K, 100% used [0x00000000e0000000,0x00000000e7680000,0x00000000e7680000)
  from space 30720K, 89% used [0x00000000e7680000,0x00000000e913d1a8,0x00000000e9480000)
  to   space 33792K, 0% used [0x00000000e9e80000,0x00000000e9e80000,0x00000000ebf80000)
 ParOldGen       total 304128K, used 46381K [0x00000000a0000000, 0x00000000b2900000, 0x00000000e0000000)
  object space 304128K, 15% used [0x00000000a0000000,0x00000000a2d4b548,0x00000000b2900000)
 Metaspace       used 104172K, capacity 111852K, committed 111960K, reserved 1146880K
  class space    used 13280K, capacity 14645K, committed 14680K, reserved 1048576K
Event: 7113.472 GC heap after
Heap after GC invocations=54 (full 4):
 PSYoungGen      total 156160K, used 33769K [0x00000000e0000000, 0x00000000ecd00000, 0x0000000100000000)
  eden space 122368K, 0% used [0x00000000e0000000,0x00000000e0000000,0x00000000e7780000)
  from space 33792K, 99% used [0x00000000e9e80000,0x00000000ebf7a468,0x00000000ebf80000)
  to   space 39936K, 0% used [0x00000000e7780000,0x00000000e7780000,0x00000000e9e80000)
 ParOldGen       total 304128K, used 50264K [0x00000000a0000000, 0x00000000b2900000, 0x00000000e0000000)
  object space 304128K, 16% used [0x00000000a0000000,0x00000000a31162b8,0x00000000b2900000)
 Metaspace       used 104172K, capacity 111852K, committed 111960K, reserved 1146880K
  class space    used 13280K, capacity 14645K, committed 14680K, reserved 1048576K
}
Event: 7114.039 GC heap before
{Heap before GC invocations=55 (full 4):
 PSYoungGen      total 156160K, used 156137K [0x00000000e0000000, 0x00000000ecd00000, 0x0000000100000000)
  eden space 122368K, 100% used [0x00000000e0000000,0x00000000e7780000,0x00000000e7780000)
  from space 33792K, 99% used [0x00000000e9e80000,0x00000000ebf7a468,0x00000000ebf80000)
  to   space 39936K, 0% used [0x00000000e7780000,0x00000000e7780000,0x00000000e9e80000)
 ParOldGen       total 304128K, used 50441K [0x00000000a0000000, 0x00000000b2900000, 0x00000000e0000000)
  object space 304128K, 16% used [0x00000000a0000000,0x00000000a3142580,0x00000000b2900000)
 Metaspace       used 104665K, capacity 112352K, committed 112600K, reserved 1146880K
  class space    used 13337K, capacity 14689K, committed 14808K, reserved 1048576K
Event: 7114.064 GC heap after
Heap after GC invocations=55 (full 4):
 PSYoungGen      total 162304K, used 38487K [0x00000000e0000000, 0x00000000edb00000, 0x0000000100000000)
  eden space 122368K, 0% used [0x00000000e0000000,0x00000000e0000000,0x00000000e7780000)
  from space 39936K, 96% used [0x00000000e7780000,0x00000000e9d15f88,0x00000000e9e80000)
  to   space 45056K, 0% used [0x00000000eaf00000,0x00000000eaf00000,0x00000000edb00000)
 ParOldGen       total 304128K, used 50449K [0x00000000a0000000, 0x00000000b2900000, 0x00000000e0000000)
  object space 304128K, 16% used [0x00000000a0000000,0x00000000a3144580,0x00000000b2900000)
 Metaspace       used 104665K, capacity 112352K, committed 112600K, reserved 1146880K
  class space    used 13337K, capacity 14689K, committed 14808K, reserved 1048576K
}
Event: 7114.383 GC heap before
{Heap before GC invocations=56 (full 4):
 PSYoungGen      total 162304K, used 160855K [0x00000000e0000000, 0x00000000edb00000, 0x0000000100000000)
  eden space 122368K, 100% used [0x00000000e0000000,0x00000000e7780000,0x00000000e7780000)
  from space 39936K, 96% used [0x00000000e7780000,0x00000000e9d15f88,0x00000000e9e80000)
  to   space 45056K, 0% used [0x00000000eaf00000,0x00000000eaf00000,0x00000000edb00000)
 ParOldGen       total 304128K, used 50449K [0x00000000a0000000, 0x00000000b2900000, 0x00000000e0000000)
  object space 304128K, 16% used [0x00000000a0000000,0x00000000a3144580,0x00000000b2900000)
 Metaspace       used 104958K, capacity 112690K, committed 112856K, reserved 1146880K
  class space    used 13391K, capacity 14774K, committed 14808K, reserved 1048576K
Event: 7114.416 GC heap after
Heap after GC invocations=56 (full 4):
 PSYoungGen      total 174080K, used 40694K [0x00000000e0000000, 0x00000000ee900000, 0x0000000100000000)
  eden space 129024K, 0% used [0x00000000e0000000,0x00000000e0000000,0x00000000e7e00000)
  from space 45056K, 90% used [0x00000000eaf00000,0x00000000ed6bd860,0x00000000edb00000)
  to   space 50176K, 0% used [0x00000000e7e00000,0x00000000e7e00000,0x00000000eaf00000)
 ParOldGen       total 304128K, used 50449K [0x00000000a0000000, 0x00000000b2900000, 0x00000000e0000000)
  object space 304128K, 16% used [0x00000000a0000000,0x00000000a3144580,0x00000000b2900000)
 Metaspace       used 104958K, capacity 112690K, committed 112856K, reserved 1146880K
  class space    used 13391K, capacity 14774K, committed 14808K, reserved 1048576K
}
Event: 7114.934 GC heap before
{Heap before GC invocations=57 (full 4):
 PSYoungGen      total 174080K, used 169718K [0x00000000e0000000, 0x00000000ee900000, 0x0000000100000000)
  eden space 129024K, 100% used [0x00000000e0000000,0x00000000e7e00000,0x00000000e7e00000)
  from space 45056K, 90% used [0x00000000eaf00000,0x00000000ed6bd860,0x00000000edb00000)
  to   space 50176K, 0% used [0x00000000e7e00000,0x00000000e7e00000,0x00000000eaf00000)
 ParOldGen       total 304128K, used 50449K [0x00000000a0000000, 0x00000000b2900000, 0x00000000e0000000)
  object space 304128K, 16% used [0x00000000a0000000,0x00000000a3144580,0x00000000b2900000)
 Metaspace       used 105056K, capacity 112868K, committed 113112K, reserved 1146880K
  class space    used 13395K, capacity 14781K, committed 14808K, reserved 1048576K
Event: 7114.957 GC heap after
Heap after GC invocations=57 (full 4):
 PSYoungGen      total 179200K, used 35547K [0x00000000e0000000, 0x00000000ef400000, 0x0000000100000000)
  eden space 129024K, 0% used [0x00000000e0000000,0x00000000e0000000,0x00000000e7e00000)
  from space 50176K, 70% used [0x00000000e7e00000,0x00000000ea0b6fe8,0x00000000eaf00000)
  to   space 52224K, 0% used [0x00000000ec100000,0x00000000ec100000,0x00000000ef400000)
 ParOldGen       total 304128K, used 50457K [0x00000000a0000000, 0x00000000b2900000, 0x00000000e0000000)
  object space 304128K, 16% used [0x00000000a0000000,0x00000000a3146580,0x00000000b2900000)
 Metaspace       used 105056K, capacity 112868K, committed 113112K, reserved 1146880K
  class space    used 13395K, capacity 14781K, committed 14808K, reserved 1048576K
}
Event: 7115.783 GC heap before
{Heap before GC invocations=58 (full 4):
 PSYoungGen      total 179200K, used 164571K [0x00000000e0000000, 0x00000000ef400000, 0x0000000100000000)
  eden space 129024K, 100% used [0x00000000e0000000,0x00000000e7e00000,0x00000000e7e00000)
  from space 50176K, 70% used [0x00000000e7e00000,0x00000000ea0b6fe8,0x00000000eaf00000)
  to   space 52224K, 0% used [0x00000000ec100000,0x00000000ec100000,0x00000000ef400000)
 ParOldGen       total 304128K, used 50457K [0x00000000a0000000, 0x00000000b2900000, 0x00000000e0000000)
  object space 304128K, 16% used [0x00000000a0000000,0x00000000a3146580,0x00000000b2900000)
 Metaspace       used 105157K, capacity 112954K, committed 113112K, reserved 1146880K
  class space    used 13411K, capacity 14786K, committed 14808K, reserved 1048576K
Event: 7115.839 GC heap after
Heap after GC invocations=58 (full 4):
 PSYoungGen      total 197632K, used 30779K [0x00000000e0000000, 0x00000000ef500000, 0x0000000100000000)
  eden space 145408K, 0% used [0x00000000e0000000,0x00000000e0000000,0x00000000e8e00000)
  from space 52224K, 58% used [0x00000000ec100000,0x00000000edf0ed28,0x00000000ef400000)
  to   space 52224K, 0% used [0x00000000e8e00000,0x00000000e8e00000,0x00000000ec100000)
 ParOldGen       total 304128K, used 53088K [0x00000000a0000000, 0x00000000b2900000, 0x00000000e0000000)
  object space 304128K, 17% used [0x00000000a0000000,0x00000000a33d8318,0x00000000b2900000)
 Metaspace       used 105157K, capacity 112954K, committed 113112K, reserved 1146880K
  class space    used 13411K, capacity 14786K, committed 14808K, reserved 1048576K
}

Deoptimization events (10 events):
Event: 7114.864 Thread 0x000000002220f800 Uncommon trap: reason=class_check action=maybe_recompile pc=0x0000000006838570 method=com.android.tools.r8.u.b.l.b(Lcom/android/tools/r8/u/b/l;)Z @ 29
Event: 7114.864 Thread 0x000000002220f800 Uncommon trap: reason=class_check action=maybe_recompile pc=0x0000000006838570 method=com.android.tools.r8.u.b.l.b(Lcom/android/tools/r8/u/b/l;)Z @ 29
Event: 7115.124 Thread 0x000000002220f800 Uncommon trap: reason=unstable_if action=reinterpret pc=0x00000000074b4bf4 method=com.android.tools.r8.graph.a0.j0()Z @ 11
Event: 7115.125 Thread 0x000000002220f800 Uncommon trap: reason=unstable_if action=reinterpret pc=0x0000000006cf4368 method=com.android.tools.r8.graph.a0.j0()Z @ 11
Event: 7115.131 Thread 0x000000002220f800 Uncommon trap: reason=unstable_if action=reinterpret pc=0x000000000656608c method=com.android.tools.r8.graph.u.equals(Ljava/lang/Object;)Z @ 27
Event: 7115.132 Thread 0x000000002220f800 Uncommon trap: reason=unstable_if action=reinterpret pc=0x0000000004d34820 method=com.android.tools.r8.graph.u.equals(Ljava/lang/Object;)Z @ 27
Event: 7115.134 Thread 0x000000002220f800 Uncommon trap: reason=unstable_if action=reinterpret pc=0x000000000558a3d4 method=com.android.tools.r8.graph.a0.g0()Z @ 29
Event: 7115.134 Thread 0x000000002220f800 Uncommon trap: reason=unstable_if action=reinterpret pc=0x0000000006715b74 method=com.android.tools.r8.graph.a0.k0()Z @ 30
Event: 7115.134 Thread 0x000000002220f800 Uncommon trap: reason=unstable_if action=reinterpret pc=0x000000000671db50 method=com.android.tools.r8.graph.a0.k0()Z @ 30
Event: 7115.146 Thread 0x000000002220f800 Uncommon trap: reason=unstable_if action=reinterpret pc=0x0000000004f35b9c method=com.android.tools.r8.graph.a0.e0()Lcom/android/tools/r8/graph/P; @ 9

Classes redefined (0 events):
No events

Internal exceptions (10 events):
Event: 7113.853 Thread 0x000000001ecfa800 Exception <a 'sun/nio/fs/WindowsException'> (0x00000000e4a34398) thrown at [D:\src\AOSP-openjdk-cygwin\jdk8u\hotspot\src\share\vm\prims\jni.cpp, line 710]
Event: 7113.854 Thread 0x000000001ecfa800 Exception <a 'sun/nio/fs/WindowsException'> (0x00000000e4ad0df8) thrown at [D:\src\AOSP-openjdk-cygwin\jdk8u\hotspot\src\share\vm\prims\jni.cpp, line 710]
Event: 7113.855 Thread 0x000000001ecfa800 Exception <a 'sun/nio/fs/WindowsException'> (0x00000000e4b3fdf0) thrown at [D:\src\AOSP-openjdk-cygwin\jdk8u\hotspot\src\share\vm\prims\jni.cpp, line 710]
Event: 7113.857 Thread 0x000000001ecfa800 Exception <a 'sun/nio/fs/WindowsException'> (0x00000000e4be08f8) thrown at [D:\src\AOSP-openjdk-cygwin\jdk8u\hotspot\src\share\vm\prims\jni.cpp, line 710]
Event: 7113.924 Thread 0x000000001eb10000 Exception <a 'sun/nio/fs/WindowsException'> (0x00000000e5738160) thrown at [D:\src\AOSP-openjdk-cygwin\jdk8u\hotspot\src\share\vm\prims\jni.cpp, line 710]
Event: 7113.992 Thread 0x000000002220f800 Exception <a 'sun/nio/fs/WindowsException'> (0x00000000e635f000) thrown at [D:\src\AOSP-openjdk-cygwin\jdk8u\hotspot\src\share\vm\prims\jni.cpp, line 710]
Event: 7114.018 Thread 0x0000000022210800 Exception <a 'sun/nio/fs/WindowsException'> (0x00000000e6febd08) thrown at [D:\src\AOSP-openjdk-cygwin\jdk8u\hotspot\src\share\vm\prims\jni.cpp, line 710]
Event: 7114.038 Thread 0x000000002ab12800 Exception <a 'sun/nio/fs/WindowsException'> (0x00000000e75449c0) thrown at [D:\src\AOSP-openjdk-cygwin\jdk8u\hotspot\src\share\vm\prims\jni.cpp, line 710]
Event: 7114.253 Thread 0x000000002c259000 Exception <a 'sun/nio/fs/WindowsException'> (0x00000000e4943d20) thrown at [D:\src\AOSP-openjdk-cygwin\jdk8u\hotspot\src\share\vm\prims\jni.cpp, line 710]
Event: 7115.147 Thread 0x000000002220f800 Exception <a 'sun/nio/fs/WindowsException'> (0x00000000e4224080) thrown at [D:\src\AOSP-openjdk-cygwin\jdk8u\hotspot\src\share\vm\prims\jni.cpp, line 710]

Events (10 events):
Event: 7115.633 Thread 0x0000000022210800 DEOPT UNPACKING pc=0x00000000032d75d0 sp=0x000000002c67c2f8 mode 0
Event: 7115.772 Thread 0x0000000022210800 DEOPT PACKING pc=0x0000000007c51123 sp=0x000000002c67c430
Event: 7115.772 Thread 0x0000000022210800 DEOPT UNPACKING pc=0x00000000032d75d0 sp=0x000000002c67c2f8 mode 0
Event: 7115.782 Thread 0x000000002ab08000 Thread exited: 0x000000002ab08000
Event: 7115.782 Executing VM operation: ParallelGCFailedAllocation
Event: 7115.839 Executing VM operation: ParallelGCFailedAllocation done
Event: 7115.866 Thread 0x0000000022210800 DEOPT PACKING pc=0x0000000007b5ae70 sp=0x000000002c67c220
Event: 7115.866 Thread 0x0000000022210800 DEOPT UNPACKING pc=0x00000000032d75d0 sp=0x000000002c67c068 mode 0
Event: 7115.874 Thread 0x0000000022210800 DEOPT PACKING pc=0x00000000070b6720 sp=0x000000002c67bd90
Event: 7115.874 Thread 0x0000000022210800 DEOPT UNPACKING pc=0x00000000032d75d0 sp=0x000000002c67bdb8 mode 0


Dynamic libraries:
0x00007ff6cda40000 - 0x00007ff6cda71000 	C:\Program Files\Android\Android Studio\jre\bin\java.exe
0x00007ffa7dd00000 - 0x00007ffa7def0000 	C:\Windows\SYSTEM32\ntdll.dll
0x00007ffa7c250000 - 0x00007ffa7c302000 	C:\Windows\System32\KERNEL32.DLL
0x00007ffa7b010000 - 0x00007ffa7b2b3000 	C:\Windows\System32\KERNELBASE.dll
0x00007ffa7dc10000 - 0x00007ffa7dcb3000 	C:\Windows\System32\ADVAPI32.dll
0x00007ffa7c310000 - 0x00007ffa7c3ae000 	C:\Windows\System32\msvcrt.dll
0x00007ffa7c550000 - 0x00007ffa7c5e7000 	C:\Windows\System32\sechost.dll
0x00007ffa7d980000 - 0x00007ffa7daa0000 	C:\Windows\System32\RPCRT4.dll
0x00007ffa7ca60000 - 0x00007ffa7cbf4000 	C:\Windows\System32\USER32.dll
0x00007ffa7b2e0000 - 0x00007ffa7b301000 	C:\Windows\System32\win32u.dll
0x00007ffa7d7e0000 - 0x00007ffa7d806000 	C:\Windows\System32\GDI32.dll
0x00007ffa7b410000 - 0x00007ffa7b5a4000 	C:\Windows\System32\gdi32full.dll
0x00007ffa7ac90000 - 0x00007ffa7ad2e000 	C:\Windows\System32\msvcp_win.dll
0x00007ffa7b310000 - 0x00007ffa7b40a000 	C:\Windows\System32\ucrtbase.dll
0x00007ffa6acb0000 - 0x00007ffa6af35000 	C:\Windows\WinSxS\amd64_microsoft.windows.common-controls_6595b64144ccf1df_6.0.18362.720_none_e6beb5c51314836b\COMCTL32.dll
0x00007ffa7d480000 - 0x00007ffa7d7b6000 	C:\Windows\System32\combase.dll
0x00007ffa7b5b0000 - 0x00007ffa7b630000 	C:\Windows\System32\bcryptPrimitives.dll
0x00007ffa7ccf0000 - 0x00007ffa7cd1e000 	C:\Windows\System32\IMM32.DLL
0x00000000647b0000 - 0x0000000064882000 	C:\Program Files\Android\Android Studio\jre\jre\bin\msvcr100.dll
0x0000000066c60000 - 0x00000000674a6000 	C:\Program Files\Android\Android Studio\jre\jre\bin\server\jvm.dll
0x00007ffa7c540000 - 0x00007ffa7c548000 	C:\Windows\System32\PSAPI.DLL
0x00007ffa78800000 - 0x00007ffa78824000 	C:\Windows\SYSTEM32\WINMM.dll
0x00007ffa54930000 - 0x00007ffa54939000 	C:\Windows\SYSTEM32\WSOCK32.dll
0x00007ffa706d0000 - 0x00007ffa706da000 	C:\Windows\SYSTEM32\VERSION.dll
0x00007ffa7cc00000 - 0x00007ffa7cc6f000 	C:\Windows\System32\WS2_32.dll
0x00007ffa78380000 - 0x00007ffa783ad000 	C:\Windows\SYSTEM32\WINMMBASE.dll
0x00007ffa7ad30000 - 0x00007ffa7ad7a000 	C:\Windows\System32\cfgmgr32.dll
0x00007ffa73f60000 - 0x00007ffa73f6f000 	C:\Program Files\Android\Android Studio\jre\jre\bin\verify.dll
0x00007ffa61f80000 - 0x00007ffa61fa9000 	C:\Program Files\Android\Android Studio\jre\jre\bin\java.dll
0x00007ffa70520000 - 0x00007ffa70536000 	C:\Program Files\Android\Android Studio\jre\jre\bin\zip.dll
0x00007ffa7cd90000 - 0x00007ffa7d475000 	C:\Windows\System32\SHELL32.dll
0x00007ffa7c3b0000 - 0x00007ffa7c459000 	C:\Windows\System32\shcore.dll
0x00007ffa7b630000 - 0x00007ffa7bdb0000 	C:\Windows\System32\windows.storage.dll
0x00007ffa7abf0000 - 0x00007ffa7ac13000 	C:\Windows\System32\profapi.dll
0x00007ffa7ac40000 - 0x00007ffa7ac8a000 	C:\Windows\System32\powrprof.dll
0x00007ffa7abc0000 - 0x00007ffa7abd0000 	C:\Windows\System32\UMPDC.dll
0x00007ffa7c1f0000 - 0x00007ffa7c242000 	C:\Windows\System32\shlwapi.dll
0x00007ffa7abd0000 - 0x00007ffa7abe1000 	C:\Windows\System32\kernel.appcore.dll
0x00007ffa7b2c0000 - 0x00007ffa7b2d7000 	C:\Windows\System32\cryptsp.dll
0x00007ffa57950000 - 0x00007ffa5796a000 	C:\Program Files\Android\Android Studio\jre\jre\bin\net.dll
0x00007ffa6bf80000 - 0x00007ffa6c155000 	C:\Windows\SYSTEM32\urlmon.dll
0x00007ffa6bcd0000 - 0x00007ffa6bf76000 	C:\Windows\SYSTEM32\iertutil.dll
0x00007ffa7a600000 - 0x00007ffa7a60c000 	C:\Windows\SYSTEM32\CRYPTBASE.DLL
0x00007ffa7a430000 - 0x00007ffa7a497000 	C:\Windows\system32\mswsock.dll
0x00007ffa51120000 - 0x00007ffa51133000 	C:\Program Files\Android\Android Studio\jre\jre\bin\nio.dll
0x00007ffa6da80000 - 0x00007ffa6daa6000 	C:\Users\ACER\.gradle\native\30\windows-amd64\native-platform.dll
0x00007ffa70640000 - 0x00007ffa7064d000 	C:\Program Files\Android\Android Studio\jre\jre\bin\management.dll
0x00007ffa79fa0000 - 0x00007ffa79fd3000 	C:\Windows\system32\rsaenh.dll
0x00007ffa7ade0000 - 0x00007ffa7ae06000 	C:\Windows\System32\bcrypt.dll
0x00007ffa7aae0000 - 0x00007ffa7ab05000 	C:\Windows\SYSTEM32\USERENV.dll
0x00007ffa7a140000 - 0x00007ffa7a17a000 	C:\Windows\SYSTEM32\IPHLPAPI.DLL
0x00007ffa7dc00000 - 0x00007ffa7dc08000 	C:\Windows\System32\NSI.dll
0x00007ffa74660000 - 0x00007ffa74676000 	C:\Windows\SYSTEM32\dhcpcsvc6.DLL
0x00007ffa71c80000 - 0x00007ffa71c9c000 	C:\Windows\SYSTEM32\dhcpcsvc.DLL
0x00007ffa7a180000 - 0x00007ffa7a24a000 	C:\Windows\SYSTEM32\DNSAPI.dll

VM Arguments:
jvm_args: -Xmx1536m -Dfile.encoding=windows-1252 -Duser.country=US -Duser.language=en -Duser.variant 
java_command: org.gradle.launcher.daemon.bootstrap.GradleDaemon 5.6.4
java_class_path (initial): C:\Users\ACER\.gradle\wrapper\dists\gradle-5.6.4-all\ankdp27end7byghfw1q2sw75f\gradle-5.6.4\lib\gradle-launcher-5.6.4.jar
Launcher Type: SUN_STANDARD

Environment Variables:
JAVA_HOME=C:\Program Files\Java\jdk-13.0.1
PATH=C:\Windows\system32;C:\Windows;C:\Windows\System32\Wbem;C:\Windows\System32\WindowsPowerShell\v1.0\;C:\Windows\System32\OpenSSH\;C:\Program Files\Microsoft SQL Server\130\Tools\Binn\;C:\Program Files\Java\jdk-13.0.1\bin;C:\Program Files\nodejs\;C:\Program Files\Microsoft DNX\Dnvm\;C:\Program Files\Git\cmd;C:\Users\ACER\AppData\Local\Microsoft\WindowsApps;C:\Users\ACER\AppData\Roaming\npm;C:\Program Files\heroku\bin
USERNAME=ACER
OS=Windows_NT
PROCESSOR_IDENTIFIER=Intel64 Family 6 Model 142 Stepping 10, GenuineIntel



---------------  S Y S T E M  ---------------

OS: Windows 10.0 , 64 bit Build 18362 (10.0.18362.329)

CPU:total 8 (initial active 8) (4 cores per cpu, 2 threads per core) family 6 model 142 stepping 10, cmov, cx8, fxsr, mmx, sse, sse2, sse3, ssse3, sse4.1, sse4.2, popcnt, avx, avx2, aes, clmul, erms, 3dnowpref, lzcnt, ht, tsc, tscinvbit, bmi1, bmi2, adx

Memory: 4k page, physical 12455524k(1601520k free), swap 14929508k(6356k free)

vm_info: OpenJDK 64-Bit Server VM (25.212-b04) for windows-amd64 JRE (1.8.0_212-release-1586-b04), built by "builder" with MS VC++ 10.0 (VS2010)

time: Fri Apr 17 16:44:38 2020
timezone: SE Asia Standard Time
elapsed time: 7115 seconds (0d 1h 58m 35s)

